0 info it worked if it ends with ok
1 verbose cli [ 'node', '/usr/bin/npm', 'start' ]
2 info using npm@1.4.21
3 info using node@v0.10.29
4 verbose node symlink /usr/bin/node
5 verbose run-script [ 'prestart', 'start', 'poststart' ]
6 info prestart react-skeleton@0.0.0
7 info start react-skeleton@0.0.0
8 verbose unsafe-perm in lifecycle true
9 info react-skeleton@0.0.0 Failed to exec start script
10 error react-skeleton@0.0.0 start: `watchify src/main.jsx -v -t[babelify --presets [ react ] ] -o public/js/main.js`
10 error Exit status 1
11 error Failed at the react-skeleton@0.0.0 start script.
11 error This is most likely a problem with the react-skeleton package,
11 error not with npm itself.
11 error Tell the author that this fails on your system:
11 error     watchify src/main.jsx -v -t[babelify --presets [ react ] ] -o public/js/main.js
11 error You can get their info via:
11 error     npm owner ls react-skeleton
11 error There is likely additional logging output above.
12 error System Linux 3.2.0-4-686-pae
13 error command "node" "/usr/bin/npm" "start"
14 error cwd /home/felipe/react-skeleton
15 error node -v v0.10.29
16 error npm -v 1.4.21
17 error code ELIFECYCLE
18 verbose exit [ 1, true ]
